This file contains any messages produced by compilers while
running configure, to aid debugging if configure makes a mistake.

It was created by mpdecimal configure 4.0.0, which was
generated by GNU Autoconf 2.69.  Invocation command line was

  $ ./configure 

## --------- ##
## Platform. ##
## --------- ##

hostname = hejianhongdeMacBook-Pro.local
uname -m = arm64
uname -r = 24.2.0
uname -s = Darwin
uname -v = Darwin Kernel Version 24.2.0: Fri Dec  6 19:01:59 PST 2024; root:xnu-11215.61.5~2/RELEASE_ARM64_T6000

/usr/bin/uname -p = arm
/bin/uname -X     = unknown

/bin/arch              = unknown
/usr/bin/arch -k       = unknown
/usr/convex/getsysinfo = unknown
/usr/bin/hostinfo      = Mach kernel version:
	 Darwin Kernel Version 24.2.0: Fri Dec  6 19:01:59 PST 2024; root:xnu-11215.61.5~2/RELEASE_ARM64_T6000
Kernel configured for up to 10 processors.
10 processors are physically available.
10 processors are logically available.
Processor type: arm64e (ARM64E)
Processors active: 0 1 2 3 4 5 6 7 8 9
Primary memory available: 32.00 gigabytes
Default processor set: 834 tasks, 5809 threads, 10 processors
Load average: 2.47, Mach factor: 7.58
/bin/machine           = unknown
/usr/bin/oslevel       = unknown
/bin/universe          = unknown

PATH: /Applications/SASE.app/Contents/Services
PATH: /Users/hejianhong/.nvm/versions/node/v16.13.1/bin
PATH: /opt/homebrew/bin
PATH: /opt/homebrew/sbin
PATH: /usr/local/bin
PATH: /System/Cryptexes/App/usr/bin
PATH: /usr/bin
PATH: /bin
PATH: /usr/sbin
PATH: /sbin
PATH: /var/run/com.apple.security.cryptexd/codex.system/bootstrap/usr/local/bin
PATH: /var/run/com.apple.security.cryptexd/codex.system/bootstrap/usr/bin
PATH: /var/run/com.apple.security.cryptexd/codex.system/bootstrap/usr/appleinternal/bin
PATH: /Library/Apple/usr/bin
PATH: /usr/local/MacGPG2/bin
PATH: /Library/TeX/texbin
PATH: /Applications/VMware Fusion.app/Contents/Public
PATH: /usr/local/go/bin


## ----------- ##
## Core tests. ##
## ----------- ##

configure:2759: checking build system type
configure:2773: result: aarch64-apple-darwin24.2.0
configure:2793: checking host system type
configure:2806: result: aarch64-apple-darwin24.2.0
configure:2941: checking for --enable-cxx
configure:2958: result: yes
configure:2962: checking for --enable-static
configure:2975: result: yes
configure:2979: checking for --enable-shared
configure:2992: result: yes
configure:3012: checking for --enable-doc
configure:3025: result: yes
configure:3029: checking for --enable-pc
configure:3042: result: yes
configure:3171: checking for gcc
configure:3187: found /usr/bin/gcc
configure:3198: result: gcc
configure:3229: checking for C compiler version
configure:3238: gcc --version >&5
Apple clang version 16.0.0 (clang-1600.0.26.6)
Target: arm64-apple-darwin24.2.0
Thread model: posix
InstalledDir: /Library/Developer/CommandLineTools/usr/bin
configure:3249: $? = 0
configure:3238: gcc -v >&5
Apple clang version 16.0.0 (clang-1600.0.26.6)
Target: arm64-apple-darwin24.2.0
Thread model: posix
InstalledDir: /Library/Developer/CommandLineTools/usr/bin
configure:3249: $? = 0
configure:3238: gcc -V >&5
clang: error: argument to '-V' is missing (expected 1 value)
clang: error: no input files
configure:3249: $? = 1
configure:3238: gcc -qversion >&5
clang: error: unknown argument '-qversion'; did you mean '--version'?
clang: error: no input files
configure:3249: $? = 1
configure:3269: checking whether the C compiler works
configure:3291: gcc    conftest.c  >&5
configure:3295: $? = 0
configure:3343: result: yes
configure:3346: checking for C compiler default output file name
configure:3348: result: a.out
configure:3354: checking for suffix of executables
configure:3361: gcc -o conftest    conftest.c  >&5
configure:3365: $? = 0
configure:3387: result: 
configure:3409: checking whether we are cross compiling
configure:3417: gcc -o conftest    conftest.c  >&5
configure:3421: $? = 0
configure:3428: ./conftest
configure:3432: $? = 0
configure:3447: result: no
configure:3452: checking for suffix of object files
configure:3474: gcc -c   conftest.c >&5
configure:3478: $? = 0
configure:3499: result: o
configure:3503: checking whether we are using the GNU C compiler
configure:3522: gcc -c   conftest.c >&5
configure:3522: $? = 0
configure:3531: result: yes
configure:3540: checking whether gcc accepts -g
configure:3560: gcc -c -g  conftest.c >&5
configure:3560: $? = 0
configure:3601: result: yes
configure:3618: checking for gcc option to accept ISO C89
configure:3681: gcc  -c -g -O2  conftest.c >&5
conftest.c:15:14: warning: a function definition without a prototype is deprecated in all versions of C and is not supported in C2x [-Wdeprecated-non-prototype]
   15 | static char *e (p, i)
      |              ^
1 warning generated.
configure:3681: $? = 0
configure:3694: result: none needed
configure:3787: checking for g++
configure:3803: found /usr/bin/g++
configure:3814: result: g++
configure:3841: checking for C++ compiler version
configure:3850: g++ --version >&5
Apple clang version 16.0.0 (clang-1600.0.26.6)
Target: arm64-apple-darwin24.2.0
Thread model: posix
InstalledDir: /Library/Developer/CommandLineTools/usr/bin
configure:3861: $? = 0
configure:3850: g++ -v >&5
Apple clang version 16.0.0 (clang-1600.0.26.6)
Target: arm64-apple-darwin24.2.0
Thread model: posix
InstalledDir: /Library/Developer/CommandLineTools/usr/bin
configure:3861: $? = 0
configure:3850: g++ -V >&5
clang++: error: argument to '-V' is missing (expected 1 value)
clang++: error: no input files
configure:3861: $? = 1
configure:3850: g++ -qversion >&5
clang++: error: unknown argument '-qversion'; did you mean '--version'?
clang++: error: no input files
configure:3861: $? = 1
configure:3865: checking whether we are using the GNU C++ compiler
configure:3884: g++ -c   conftest.cpp >&5
configure:3884: $? = 0
configure:3893: result: yes
configure:3902: checking whether g++ accepts -g
configure:3922: g++ -c -g  conftest.cpp >&5
configure:3922: $? = 0
configure:3963: result: yes
configure:3991: checking for -O2
configure:4009: gcc -c -O2  conftest.c >&5
configure:4009: $? = 0
configure:4015: result: yes
configure:4064: checking for ar
configure:4080: found /usr/bin/ar
configure:4091: result: ar
configure:4156: checking for ranlib
configure:4172: found /usr/bin/ranlib
configure:4183: result: ranlib
configure:4376: checking how to run the C preprocessor
configure:4407: gcc -E  conftest.c
configure:4407: $? = 0
configure:4421: gcc -E  conftest.c
conftest.c:9:10: fatal error: 'ac_nonexistent.h' file not found
    9 | #include <ac_nonexistent.h>
      |          ^~~~~~~~~~~~~~~~~~
1 error generated.
configure:4421: $? = 1
configure: failed program was:
| /* confdefs.h */
| #define PACKAGE_NAME "mpdecimal"
| #define PACKAGE_TARNAME "mpdecimal"
| #define PACKAGE_VERSION "4.0.0"
| #define PACKAGE_STRING "mpdecimal 4.0.0"
| #define PACKAGE_BUGREPORT "mpdecimal-bugs@bytereef.org"
| #define PACKAGE_URL "https://www.bytereef.org/mpdecimal/index.html"
| /* end confdefs.h.  */
| #include <ac_nonexistent.h>
configure:4446: result: gcc -E
configure:4466: gcc -E  conftest.c
configure:4466: $? = 0
configure:4480: gcc -E  conftest.c
conftest.c:9:10: fatal error: 'ac_nonexistent.h' file not found
    9 | #include <ac_nonexistent.h>
      |          ^~~~~~~~~~~~~~~~~~
1 error generated.
configure:4480: $? = 1
configure: failed program was:
| /* confdefs.h */
| #define PACKAGE_NAME "mpdecimal"
| #define PACKAGE_TARNAME "mpdecimal"
| #define PACKAGE_VERSION "4.0.0"
| #define PACKAGE_STRING "mpdecimal 4.0.0"
| #define PACKAGE_BUGREPORT "mpdecimal-bugs@bytereef.org"
| #define PACKAGE_URL "https://www.bytereef.org/mpdecimal/index.html"
| /* end confdefs.h.  */
| #include <ac_nonexistent.h>
configure:4509: checking for grep that handles long lines and -e
configure:4567: result: /usr/bin/grep
configure:4572: checking for egrep
configure:4634: result: /usr/bin/grep -E
configure:4639: checking for ANSI C header files
configure:4659: gcc -c   conftest.c >&5
configure:4659: $? = 0
configure:4732: gcc -o conftest    conftest.c  >&5
configure:4732: $? = 0
configure:4732: ./conftest
configure:4732: $? = 0
configure:4743: result: yes
configure:4756: checking for sys/types.h
configure:4756: gcc -c   conftest.c >&5
configure:4756: $? = 0
configure:4756: result: yes
configure:4756: checking for sys/stat.h
configure:4756: gcc -c   conftest.c >&5
configure:4756: $? = 0
configure:4756: result: yes
configure:4756: checking for stdlib.h
configure:4756: gcc -c   conftest.c >&5
configure:4756: $? = 0
configure:4756: result: yes
configure:4756: checking for string.h
configure:4756: gcc -c   conftest.c >&5
configure:4756: $? = 0
configure:4756: result: yes
configure:4756: checking for memory.h
configure:4756: gcc -c   conftest.c >&5
configure:4756: $? = 0
configure:4756: result: yes
configure:4756: checking for strings.h
configure:4756: gcc -c   conftest.c >&5
configure:4756: $? = 0
configure:4756: result: yes
configure:4756: checking for inttypes.h
configure:4756: gcc -c   conftest.c >&5
configure:4756: $? = 0
configure:4756: result: yes
configure:4756: checking for stdint.h
configure:4756: gcc -c   conftest.c >&5
configure:4756: $? = 0
configure:4756: result: yes
configure:4756: checking for unistd.h
configure:4756: gcc -c   conftest.c >&5
configure:4756: $? = 0
configure:4756: result: yes
configure:4770: checking pthread.h usability
configure:4770: gcc -c   conftest.c >&5
configure:4770: $? = 0
configure:4770: result: yes
configure:4770: checking pthread.h presence
configure:4770: gcc -E  conftest.c
configure:4770: $? = 0
configure:4770: result: yes
configure:4770: checking for pthread.h
configure:4770: result: yes
configure:4782: checking for size_t
configure:4782: gcc -c   conftest.c >&5
configure:4782: $? = 0
configure:4782: gcc -c   conftest.c >&5
conftest.c:56:21: error: expected expression
   56 | if (sizeof ((size_t)))
      |                     ^
1 error generated.
configure:4782: $? = 1
configure: failed program was:
| /* confdefs.h */
| #define PACKAGE_NAME "mpdecimal"
| #define PACKAGE_TARNAME "mpdecimal"
| #define PACKAGE_VERSION "4.0.0"
| #define PACKAGE_STRING "mpdecimal 4.0.0"
| #define PACKAGE_BUGREPORT "mpdecimal-bugs@bytereef.org"
| #define PACKAGE_URL "https://www.bytereef.org/mpdecimal/index.html"
| #define STDC_HEADERS 1
| #define HAVE_SYS_TYPES_H 1
| #define HAVE_SYS_STAT_H 1
| #define HAVE_STDLIB_H 1
| #define HAVE_STRING_H 1
| #define HAVE_MEMORY_H 1
| #define HAVE_STRINGS_H 1
| #define HAVE_INTTYPES_H 1
| #define HAVE_STDINT_H 1
| #define HAVE_UNISTD_H 1
| #define HAVE_PTHREAD_H 1
| /* end confdefs.h.  */
| #include <stdio.h>
| #ifdef HAVE_SYS_TYPES_H
| # include <sys/types.h>
| #endif
| #ifdef HAVE_SYS_STAT_H
| # include <sys/stat.h>
| #endif
| #ifdef STDC_HEADERS
| # include <stdlib.h>
| # include <stddef.h>
| #else
| # ifdef HAVE_STDLIB_H
| #  include <stdlib.h>
| # endif
| #endif
| #ifdef HAVE_STRING_H
| # if !defined STDC_HEADERS && defined HAVE_MEMORY_H
| #  include <memory.h>
| # endif
| # include <string.h>
| #endif
| #ifdef HAVE_STRINGS_H
| # include <strings.h>
| #endif
| #ifdef HAVE_INTTYPES_H
| # include <inttypes.h>
| #endif
| #ifdef HAVE_STDINT_H
| # include <stdint.h>
| #endif
| #ifdef HAVE_UNISTD_H
| # include <unistd.h>
| #endif
| int
| main ()
| {
| if (sizeof ((size_t)))
| 	    return 0;
|   ;
|   return 0;
| }
configure:4782: result: yes
configure:4793: checking for int32_t
configure:4793: gcc -c   conftest.c >&5
configure:4793: $? = 0
configure:4793: gcc -c   conftest.c >&5
conftest.c:58:53: warning: overflow in expression; result is -2147483648 with type 'int' [-Winteger-overflow]
   58 |                  < (int32_t) (((((int32_t) 1 << N) << N) - 1) * 2 + 2))];
      |                                                                   ^
conftest.c:57:24: error: 'test_array' declared as an array with a negative size
   57 | static int test_array [1 - 2 * !((int32_t) (((((int32_t) 1 << N) << N) - 1) * 2 + 1)
      |                        ^~~~~~~~~~~~~~~~~~~~~~~~~~~~~~~~~~~~~~~~~~~~~~~~~~~~~~~~~~~~~
   58 |                  < (int32_t) (((((int32_t) 1 << N) << N) - 1) * 2 + 2))];
      |                  ~~~~~~~~~~~~~~~~~~~~~~~~~~~~~~~~~~~~~~~~~~~~~~~~~~~~~~
1 warning and 1 error generated.
configure:4793: $? = 1
configure: failed program was:
| /* confdefs.h */
| #define PACKAGE_NAME "mpdecimal"
| #define PACKAGE_TARNAME "mpdecimal"
| #define PACKAGE_VERSION "4.0.0"
| #define PACKAGE_STRING "mpdecimal 4.0.0"
| #define PACKAGE_BUGREPORT "mpdecimal-bugs@bytereef.org"
| #define PACKAGE_URL "https://www.bytereef.org/mpdecimal/index.html"
| #define STDC_HEADERS 1
| #define HAVE_SYS_TYPES_H 1
| #define HAVE_SYS_STAT_H 1
| #define HAVE_STDLIB_H 1
| #define HAVE_STRING_H 1
| #define HAVE_MEMORY_H 1
| #define HAVE_STRINGS_H 1
| #define HAVE_INTTYPES_H 1
| #define HAVE_STDINT_H 1
| #define HAVE_UNISTD_H 1
| #define HAVE_PTHREAD_H 1
| /* end confdefs.h.  */
| #include <stdio.h>
| #ifdef HAVE_SYS_TYPES_H
| # include <sys/types.h>
| #endif
| #ifdef HAVE_SYS_STAT_H
| # include <sys/stat.h>
| #endif
| #ifdef STDC_HEADERS
| # include <stdlib.h>
| # include <stddef.h>
| #else
| # ifdef HAVE_STDLIB_H
| #  include <stdlib.h>
| # endif
| #endif
| #ifdef HAVE_STRING_H
| # if !defined STDC_HEADERS && defined HAVE_MEMORY_H
| #  include <memory.h>
| # endif
| # include <string.h>
| #endif
| #ifdef HAVE_STRINGS_H
| # include <strings.h>
| #endif
| #ifdef HAVE_INTTYPES_H
| # include <inttypes.h>
| #endif
| #ifdef HAVE_STDINT_H
| # include <stdint.h>
| #endif
| #ifdef HAVE_UNISTD_H
| # include <unistd.h>
| #endif
| 	        enum { N = 32 / 2 - 1 };
| int
| main ()
| {
| static int test_array [1 - 2 * !((int32_t) (((((int32_t) 1 << N) << N) - 1) * 2 + 1)
| 		 < (int32_t) (((((int32_t) 1 << N) << N) - 1) * 2 + 2))];
| test_array [0] = 0;
| return test_array [0];
| 
|   ;
|   return 0;
| }
configure:4793: result: yes
configure:4804: checking for int64_t
configure:4804: gcc -c   conftest.c >&5
configure:4804: $? = 0
configure:4804: gcc -c   conftest.c >&5
conftest.c:58:53: warning: overflow in expression; result is -9223372036854775808 with type 'int64_t' (aka 'long long') [-Winteger-overflow]
   58 |                  < (int64_t) (((((int64_t) 1 << N) << N) - 1) * 2 + 2))];
      |                                                                   ^
conftest.c:57:24: error: 'test_array' declared as an array with a negative size
   57 | static int test_array [1 - 2 * !((int64_t) (((((int64_t) 1 << N) << N) - 1) * 2 + 1)
      |                        ^~~~~~~~~~~~~~~~~~~~~~~~~~~~~~~~~~~~~~~~~~~~~~~~~~~~~~~~~~~~~
   58 |                  < (int64_t) (((((int64_t) 1 << N) << N) - 1) * 2 + 2))];
      |                  ~~~~~~~~~~~~~~~~~~~~~~~~~~~~~~~~~~~~~~~~~~~~~~~~~~~~~~
1 warning and 1 error generated.
configure:4804: $? = 1
configure: failed program was:
| /* confdefs.h */
| #define PACKAGE_NAME "mpdecimal"
| #define PACKAGE_TARNAME "mpdecimal"
| #define PACKAGE_VERSION "4.0.0"
| #define PACKAGE_STRING "mpdecimal 4.0.0"
| #define PACKAGE_BUGREPORT "mpdecimal-bugs@bytereef.org"
| #define PACKAGE_URL "https://www.bytereef.org/mpdecimal/index.html"
| #define STDC_HEADERS 1
| #define HAVE_SYS_TYPES_H 1
| #define HAVE_SYS_STAT_H 1
| #define HAVE_STDLIB_H 1
| #define HAVE_STRING_H 1
| #define HAVE_MEMORY_H 1
| #define HAVE_STRINGS_H 1
| #define HAVE_INTTYPES_H 1
| #define HAVE_STDINT_H 1
| #define HAVE_UNISTD_H 1
| #define HAVE_PTHREAD_H 1
| /* end confdefs.h.  */
| #include <stdio.h>
| #ifdef HAVE_SYS_TYPES_H
| # include <sys/types.h>
| #endif
| #ifdef HAVE_SYS_STAT_H
| # include <sys/stat.h>
| #endif
| #ifdef STDC_HEADERS
| # include <stdlib.h>
| # include <stddef.h>
| #else
| # ifdef HAVE_STDLIB_H
| #  include <stdlib.h>
| # endif
| #endif
| #ifdef HAVE_STRING_H
| # if !defined STDC_HEADERS && defined HAVE_MEMORY_H
| #  include <memory.h>
| # endif
| # include <string.h>
| #endif
| #ifdef HAVE_STRINGS_H
| # include <strings.h>
| #endif
| #ifdef HAVE_INTTYPES_H
| # include <inttypes.h>
| #endif
| #ifdef HAVE_STDINT_H
| # include <stdint.h>
| #endif
| #ifdef HAVE_UNISTD_H
| # include <unistd.h>
| #endif
| 	        enum { N = 64 / 2 - 1 };
| int
| main ()
| {
| static int test_array [1 - 2 * !((int64_t) (((((int64_t) 1 << N) << N) - 1) * 2 + 1)
| 		 < (int64_t) (((((int64_t) 1 << N) << N) - 1) * 2 + 2))];
| test_array [0] = 0;
| return test_array [0];
| 
|   ;
|   return 0;
| }
configure:4804: result: yes
configure:4815: checking for uint32_t
configure:4815: gcc -c   conftest.c >&5
configure:4815: $? = 0
configure:4815: result: yes
configure:4829: checking for uint64_t
configure:4829: gcc -c   conftest.c >&5
configure:4829: $? = 0
configure:4829: result: yes
configure:4843: checking for __uint128_t
configure:4843: gcc -c   conftest.c >&5
configure:4843: $? = 0
configure:4843: gcc -c   conftest.c >&5
conftest.c:56:26: error: expected expression
   56 | if (sizeof ((__uint128_t)))
      |                          ^
1 error generated.
configure:4843: $? = 1
configure: failed program was:
| /* confdefs.h */
| #define PACKAGE_NAME "mpdecimal"
| #define PACKAGE_TARNAME "mpdecimal"
| #define PACKAGE_VERSION "4.0.0"
| #define PACKAGE_STRING "mpdecimal 4.0.0"
| #define PACKAGE_BUGREPORT "mpdecimal-bugs@bytereef.org"
| #define PACKAGE_URL "https://www.bytereef.org/mpdecimal/index.html"
| #define STDC_HEADERS 1
| #define HAVE_SYS_TYPES_H 1
| #define HAVE_SYS_STAT_H 1
| #define HAVE_STDLIB_H 1
| #define HAVE_STRING_H 1
| #define HAVE_MEMORY_H 1
| #define HAVE_STRINGS_H 1
| #define HAVE_INTTYPES_H 1
| #define HAVE_STDINT_H 1
| #define HAVE_UNISTD_H 1
| #define HAVE_PTHREAD_H 1
| /* end confdefs.h.  */
| #include <stdio.h>
| #ifdef HAVE_SYS_TYPES_H
| # include <sys/types.h>
| #endif
| #ifdef HAVE_SYS_STAT_H
| # include <sys/stat.h>
| #endif
| #ifdef STDC_HEADERS
| # include <stdlib.h>
| # include <stddef.h>
| #else
| # ifdef HAVE_STDLIB_H
| #  include <stdlib.h>
| # endif
| #endif
| #ifdef HAVE_STRING_H
| # if !defined STDC_HEADERS && defined HAVE_MEMORY_H
| #  include <memory.h>
| # endif
| # include <string.h>
| #endif
| #ifdef HAVE_STRINGS_H
| # include <strings.h>
| #endif
| #ifdef HAVE_INTTYPES_H
| # include <inttypes.h>
| #endif
| #ifdef HAVE_STDINT_H
| # include <stdint.h>
| #endif
| #ifdef HAVE_UNISTD_H
| # include <unistd.h>
| #endif
| int
| main ()
| {
| if (sizeof ((__uint128_t)))
| 	    return 0;
|   ;
|   return 0;
| }
configure:4843: result: yes
configure:4856: checking size of size_t
configure:4861: gcc -o conftest    conftest.c  >&5
configure:4861: $? = 0
configure:4861: ./conftest
configure:4861: $? = 0
configure:4875: result: 8
configure:4889: checking size of __uint128_t
configure:4894: gcc -o conftest    conftest.c  >&5
configure:4894: $? = 0
configure:4894: ./conftest
configure:4894: $? = 0
configure:4908: result: 16
configure:4920: checking for x64 gcc inline assembler
configure:4935: gcc -o conftest    conftest.c  >&5
conftest.c:28:23: error: unknown token in expression
   28 | __asm__ __volatile__ ("movq %rcx, %rax");
      |                       ^
<inline asm>:1:7: note: instantiated into assembly here
    1 |         movq %rcx, %rax
      |              ^
conftest.c:28:23: error: invalid operand
   28 | __asm__ __volatile__ ("movq %rcx, %rax");
      |                       ^
<inline asm>:1:7: note: instantiated into assembly here
    1 |         movq %rcx, %rax
      |              ^
2 errors generated.
configure:4935: $? = 1
configure: failed program was:
| /* confdefs.h */
| #define PACKAGE_NAME "mpdecimal"
| #define PACKAGE_TARNAME "mpdecimal"
| #define PACKAGE_VERSION "4.0.0"
| #define PACKAGE_STRING "mpdecimal 4.0.0"
| #define PACKAGE_BUGREPORT "mpdecimal-bugs@bytereef.org"
| #define PACKAGE_URL "https://www.bytereef.org/mpdecimal/index.html"
| #define STDC_HEADERS 1
| #define HAVE_SYS_TYPES_H 1
| #define HAVE_SYS_STAT_H 1
| #define HAVE_STDLIB_H 1
| #define HAVE_STRING_H 1
| #define HAVE_MEMORY_H 1
| #define HAVE_STRINGS_H 1
| #define HAVE_INTTYPES_H 1
| #define HAVE_STDINT_H 1
| #define HAVE_UNISTD_H 1
| #define HAVE_PTHREAD_H 1
| #define HAVE_UINT128_T 1
| #define SIZEOF_SIZE_T 8
| #define SIZEOF___UINT128_T 16
| /* end confdefs.h.  */
| 
| int
| main ()
| {
| 
| __asm__ __volatile__ ("movq %rcx, %rax");
| 
|   ;
|   return 0;
| }
configure:4942: result: no
configure:4951: checking for x87 gcc inline assembler
configure:4968: gcc -o conftest    conftest.c  >&5
conftest.c:29:25: error: unrecognized instruction mnemonic
   29 |   __asm__ __volatile__ ("fnstcw %0" : "=m" (cw));
      |                         ^
<inline asm>:1:2: note: instantiated into assembly here
    1 |         fnstcw [x8]
      |         ^
conftest.c:30:25: error: unrecognized instruction mnemonic
   30 |   __asm__ __volatile__ ("fldcw %0" : : "m" (cw));
      |                         ^
<inline asm>:1:2: note: instantiated into assembly here
    1 |         fldcw [x8]
      |         ^
2 errors generated.
configure:4968: $? = 1
configure: failed program was:
| /* confdefs.h */
| #define PACKAGE_NAME "mpdecimal"
| #define PACKAGE_TARNAME "mpdecimal"
| #define PACKAGE_VERSION "4.0.0"
| #define PACKAGE_STRING "mpdecimal 4.0.0"
| #define PACKAGE_BUGREPORT "mpdecimal-bugs@bytereef.org"
| #define PACKAGE_URL "https://www.bytereef.org/mpdecimal/index.html"
| #define STDC_HEADERS 1
| #define HAVE_SYS_TYPES_H 1
| #define HAVE_SYS_STAT_H 1
| #define HAVE_STDLIB_H 1
| #define HAVE_STRING_H 1
| #define HAVE_MEMORY_H 1
| #define HAVE_STRINGS_H 1
| #define HAVE_INTTYPES_H 1
| #define HAVE_STDINT_H 1
| #define HAVE_UNISTD_H 1
| #define HAVE_PTHREAD_H 1
| #define HAVE_UINT128_T 1
| #define SIZEOF_SIZE_T 8
| #define SIZEOF___UINT128_T 16
| /* end confdefs.h.  */
| 
| int
| main ()
| {
| 
|   unsigned short cw;
|   __asm__ __volatile__ ("fnstcw %0" : "=m" (cw));
|   __asm__ __volatile__ ("fldcw %0" : : "m" (cw));
| 
|   ;
|   return 0;
| }
configure:4975: result: no
configure:4998: checking for a BSD-compatible install
configure:5066: result: /usr/bin/install -c
configure:5085: checking for glibc _FORTIFY_SOURCE/memmove bug
configure:5116: gcc -o conftest -O2 -D_FORTIFY_SOURCE=2   conftest.c  >&5
configure:5116: $? = 0
configure:5116: ./conftest
configure:5116: $? = 0
configure:5127: result: no
configure:5490: creating ./config.status

## ---------------------- ##
## Running config.status. ##
## ---------------------- ##

This file was extended by mpdecimal config.status 4.0.0, which was
generated by GNU Autoconf 2.69.  Invocation command line was

  CONFIG_FILES    = 
  CONFIG_HEADERS  = 
  CONFIG_LINKS    = 
  CONFIG_COMMANDS = 
  $ ./config.status 

on hejianhongdeMacBook-Pro.local

config.status:1003: creating Makefile
config.status:1003: creating libmpdec/Makefile
config.status:1003: creating libmpdec/mpdecimal.h
config.status:1003: creating libmpdec/.pc/libmpdec.pc
config.status:1003: creating libmpdec++/Makefile
config.status:1003: creating libmpdec++/.pc/libmpdec++.pc
config.status:1003: creating tests/Makefile
config.status:1003: creating tests++/Makefile
config.status:1003: creating config.h

## ---------------- ##
## Cache variables. ##
## ---------------- ##

ac_cv_build=aarch64-apple-darwin24.2.0
ac_cv_c_compiler_gnu=yes
ac_cv_c_int32_t=yes
ac_cv_c_int64_t=yes
ac_cv_c_uint32_t=yes
ac_cv_c_uint64_t=yes
ac_cv_cxx_compiler_gnu=yes
ac_cv_env_CCC_set=
ac_cv_env_CCC_value=
ac_cv_env_CC_set=
ac_cv_env_CC_value=
ac_cv_env_CFLAGS_set=
ac_cv_env_CFLAGS_value=
ac_cv_env_CPPFLAGS_set=
ac_cv_env_CPPFLAGS_value=
ac_cv_env_CPP_set=
ac_cv_env_CPP_value=
ac_cv_env_CXXFLAGS_set=
ac_cv_env_CXXFLAGS_value=
ac_cv_env_CXX_set=
ac_cv_env_CXX_value=
ac_cv_env_LDFLAGS_set=
ac_cv_env_LDFLAGS_value=
ac_cv_env_LDXXFLAGS_set=
ac_cv_env_LDXXFLAGS_value=
ac_cv_env_LDXX_set=
ac_cv_env_LDXX_value=
ac_cv_env_LIBS_set=
ac_cv_env_LIBS_value=
ac_cv_env_MACHINE_set=
ac_cv_env_MACHINE_value=
ac_cv_env_build_alias_set=
ac_cv_env_build_alias_value=
ac_cv_env_host_alias_set=
ac_cv_env_host_alias_value=
ac_cv_env_target_alias_set=
ac_cv_env_target_alias_value=
ac_cv_header_inttypes_h=yes
ac_cv_header_memory_h=yes
ac_cv_header_pthread_h=yes
ac_cv_header_stdc=yes
ac_cv_header_stdint_h=yes
ac_cv_header_stdlib_h=yes
ac_cv_header_string_h=yes
ac_cv_header_strings_h=yes
ac_cv_header_sys_stat_h=yes
ac_cv_header_sys_types_h=yes
ac_cv_header_unistd_h=yes
ac_cv_host=aarch64-apple-darwin24.2.0
ac_cv_objext=o
ac_cv_path_EGREP='/usr/bin/grep -E'
ac_cv_path_GREP=/usr/bin/grep
ac_cv_path_install='/usr/bin/install -c'
ac_cv_prog_CPP='gcc -E'
ac_cv_prog_ac_ct_AR=ar
ac_cv_prog_ac_ct_CC=gcc
ac_cv_prog_ac_ct_CXX=g++
ac_cv_prog_ac_ct_RANLIB=ranlib
ac_cv_prog_cc_c89=
ac_cv_prog_cc_g=yes
ac_cv_prog_cxx_g=yes
ac_cv_sizeof___uint128_t=16
ac_cv_sizeof_size_t=8
ac_cv_type___uint128_t=yes
ac_cv_type_size_t=yes

## ----------------- ##
## Output variables. ##
## ----------------- ##



  #error "cannot use CONFIG_32 with 64-bit header."
  #error "cannot use MPD_CONFIG_32 with 64-bit header."
#define MPD_CONFIG_64 1
#endif
#endif'
#ifdef CONFIG_32
#ifdef MPD_CONFIG_32
/* ABI: 64-bit */
AR='ar'
CC='gcc'
CFLAGS=''
CONFIGURE_CFLAGS='-Wall -Wextra -Wno-unknown-pragmas -std=c99 -pedantic -DNDEBUG -O2 '
CONFIGURE_CXXFLAGS='-Wall -Wextra -std=c++11 -pedantic  -DNDEBUG -O3 '
CONFIGURE_LDFLAGS='-dynamiclib -fPIC -install_name @rpath/libmpdec.4.dylib -compatibility_version 4.0 -current_version 4.0.0 '
CONFIGURE_LDXXFLAGS='-dynamiclib -fPIC -install_name @rpath/libmpdec++.4.dylib -compatibility_version 4.0 -current_version 4.0.0 '
CONFIGURE_LIBMPDEC_CFLAGS='-Wall -Wextra -Wno-unknown-pragmas -std=c99 -pedantic -DCONFIG_64 -DANSI -DHAVE_UINT128_T -DNDEBUG -O2 '
CPP='gcc -E'
CPPFLAGS=''
CXX='g++'
CXXFLAGS=''
DEFS='-DHAVE_CONFIG_H'
ECHO_C='\c'
ECHO_N=''
ECHO_T=''
EGREP='/usr/bin/grep -E'
ENABLE_CXX='yes'
ENABLE_DOC='yes'
ENABLE_MINGW='no'
ENABLE_PC='yes'
ENABLE_SHARED='yes'
ENABLE_STATIC='yes'
EXEEXT=''
EXPORTSYMS='symbols64.exp'
FILTER_FOR_STATIC='-flto% -ffat-lto-objects'
FPIC='-fPIC'
GREP='/usr/bin/grep'
INSTALL='/usr/bin/install -c'
INSTALL_DATA='${INSTALL} -m 644'
INSTALL_PROGRAM='${INSTALL}'
INSTALL_SCRIPT='${INSTALL}'
LD='gcc'
LDFLAGS=''
LDXX='g++'
LDXXFLAGS=''
LIBIMPORT=''
LIBIMPORT_CXX=''
LIBNAME='libmpdec.dylib'
LIBNAME_CXX='libmpdec++.dylib'
LIBOBJS=''
LIBS=''
LIBSHARED='libmpdec.4.0.0.dylib'
LIBSHARED_CXX='libmpdec++.4.0.0.dylib'
LIBSHARED_USE_AR='no'
LIBSONAME='libmpdec.4.dylib'
LIBSONAME_CXX='libmpdec++.4.dylib'
LIBSTATIC='libmpdec.a'
LIBSTATIC_CXX='libmpdec++.a'
LINK_DYNAMIC=''
LINK_STATIC=''
LTLIBOBJS=''
MACHINE='uint128'
MPD_GNU99=''
MPD_HEADER_CONFIG='
MPD_PGEN='-fprofile-generate -fprofile-values'
MPD_PREC='19'
MPD_PTHREAD='-pthread'
MPD_PUSE='-fprofile-use -freorder-blocks'
OBJECT_SUFFIX='4_64.o'
OBJEXT='o'
PACKAGE_BUGREPORT='mpdecimal-bugs@bytereef.org'
PACKAGE_NAME='mpdecimal'
PACKAGE_STRING='mpdecimal 4.0.0'
PACKAGE_TARNAME='mpdecimal'
PACKAGE_URL='https://www.bytereef.org/mpdecimal/index.html'
PACKAGE_VERSION='4.0.0'
PATH_SEPARATOR=':'
RANLIB='ranlib'
SHELL='/bin/sh'
ac_ct_CC='gcc'
ac_ct_CXX='g++'
bindir='${exec_prefix}/bin'
build='aarch64-apple-darwin24.2.0'
build_alias=''
build_cpu='aarch64'
build_os='darwin24.2.0'
build_vendor='apple'
datadir='${datarootdir}'
datarootdir='${prefix}/share'
docdir='${datarootdir}/doc/${PACKAGE_TARNAME}'
dvidir='${docdir}'
exec_prefix='${prefix}'
host='aarch64-apple-darwin24.2.0'
host_alias=''
host_cpu='aarch64'
host_os='darwin24.2.0'
host_vendor='apple'
htmldir='${docdir}'
includedir='${prefix}/include'
infodir='${datarootdir}/info'
libdir='${exec_prefix}/lib'
libexecdir='${exec_prefix}/libexec'
localedir='${datarootdir}/locale'
localstatedir='${prefix}/var'
mandir='${datarootdir}/man'
oldincludedir='/usr/include'
pdfdir='${docdir}'
prefix='/usr/local'
program_transform_name='s,x,x,'
psdir='${docdir}'
runstatedir='${localstatedir}/run'
sbindir='${exec_prefix}/sbin'
sharedstatedir='${prefix}/com'
sysconfdir='${prefix}/etc'
target_alias=''

## ----------- ##
## confdefs.h. ##
## ----------- ##

/* confdefs.h */
#define PACKAGE_NAME "mpdecimal"
#define PACKAGE_TARNAME "mpdecimal"
#define PACKAGE_VERSION "4.0.0"
#define PACKAGE_STRING "mpdecimal 4.0.0"
#define PACKAGE_BUGREPORT "mpdecimal-bugs@bytereef.org"
#define PACKAGE_URL "https://www.bytereef.org/mpdecimal/index.html"
#define STDC_HEADERS 1
#define HAVE_SYS_TYPES_H 1
#define HAVE_SYS_STAT_H 1
#define HAVE_STDLIB_H 1
#define HAVE_STRING_H 1
#define HAVE_MEMORY_H 1
#define HAVE_STRINGS_H 1
#define HAVE_INTTYPES_H 1
#define HAVE_STDINT_H 1
#define HAVE_UNISTD_H 1
#define HAVE_PTHREAD_H 1
#define HAVE_UINT128_T 1
#define SIZEOF_SIZE_T 8
#define SIZEOF___UINT128_T 16

configure: exit 0
